#
# A fatal error has been detected by the Java Runtime Environment:
#
#  EXCEPTION_UNCAUGHT_CXX_EXCEPTION (0xe06d7363) at pc=0x00007ff9f1621f28, pid=4156, tid=3888
#
# JRE version: 7.0_25-b17
# Java VM: Java HotSpot(TM) 64-Bit Server VM (23.25-b01 mixed mode windows-amd64 compressed oops)
# Problematic frame:
# C  [KERNELBASE.dll+0x71f28]
#
# Failed to write core dump. Minidumps are not enabled by default on client versions of Windows
#
# If you would like to submit a bug report, please visit:
#   http://bugreport.sun.com/bugreport/crash.jsp
# The crash happened outside the Java Virtual Machine in native code.
# See problematic frame for where to report the bug.
#

---------------  T H R E A D  ---------------

Current thread (0x000000001dbe1000):  JavaThread "IDL" [_thread_in_native, id=3888, stack(0x00000000200e0000,0x00000000201e0000)]

siginfo: ExceptionCode=0xe06d7363, ExceptionInformation=0x0000000019930520 0x00000000201de5b0 0x00007ff9cf11fc68 0x00007ff9ce9d0000 

Registers:
RAX=0x000000001b8f93a0, RBX=0x0000000000000006, RCX=0x000000001b8f8070, RDX=0x000000001df957d8
RSP=0x00000000201de420, RBP=0x00000000201dedc0, RSI=0x00007ff9cf061190, RDI=0x00000000201de570
R8 =0x000000001b8f8130, R9 =0x000000001b8f8130, R10=0x000000001b8f8540, R11=0x000000001b8f8180
R12=0x0000000000000006, R13=0x000000001f7a6f5a, R14=0x000000001dadb7b8, R15=0x000000001f7a6f46
RIP=0x00007ff9f1621f28, EFLAGS=0x0000000000000206

Top of Stack: (sp=0x00000000201de420)
0x00000000201de420:   000000001f7a6f5a 0000000000000006
0x00000000201de430:   00007ff9cf061190 00000000201de570
0x00000000201de440:   00000001e06d7363 0000000000000000
0x00000000201de450:   00007ff9f1621f28 00007ff900000004
0x00000000201de460:   0000000019930520 00000000201de5b0
0x00000000201de470:   00007ff9cf11fc68 00007ff9ce9d0000
0x00000000201de480:   0000000000000006 00000000201de570
0x00000000201de490:   00007ff9cf061190 00000000201de520
0x00000000201de4a0:   00000000201dedc0 00007ff9f46a782f
0x00000000201de4b0:   000000001f7a6f5a 00007ff900000000
0x00000000201de4c0:   00000000000000e1 00007ff9cee01a04
0x00000000201de4d0:   00007ff9cf144000 00007ff9ce9d0000
0x00000000201de4e0:   0000f11a9b2c0519 000000000000247b
0x00000000201de4f0:   0000000000000006 00007ff9cededcb2
0x00000000201de500:   0000000000000008 0000000026640860
0x00000000201de510:   0000000000800000 00007ff9cede74e9 

Instructions: (pc=0x00007ff9f1621f28)
0x00007ff9f1621f08:   49 8b d1 44 0f 47 c0 44 89 44 24 38 49 c1 e0 03
0x00007ff9f1621f18:   e8 27 b2 00 00 48 8d 4c 24 20 ff 15 c8 a7 05 00
0x00007ff9f1621f28:   48 8b 8c 24 c0 00 00 00 48 33 cc e8 98 7a 00 00
0x00007ff9f1621f38:   48 81 c4 d8 00 00 00 c3 83 64 24 38 00 eb d6 cc 


Register to memory mapping:

RAX=0x000000001b8f93a0 is an unknown value
RBX=0x0000000000000006 is an unknown value
RCX=0x000000001b8f8070 is an unknown value
RDX=0x000000001df957d8 is an unknown value
RSP=0x00000000201de420 is pointing into the stack for thread: 0x000000001dbe1000
RBP=0x00000000201dedc0 is pointing into the stack for thread: 0x000000001dbe1000
RSI=0x00007ff9cf061190 is an unknown value
RDI=0x00000000201de570 is pointing into the stack for thread: 0x000000001dbe1000
R8 =0x000000001b8f8130 is an unknown value
R9 =0x000000001b8f8130 is an unknown value
R10=0x000000001b8f8540 is an unknown value
R11=0x000000001b8f8180 is an unknown value
R12=0x0000000000000006 is an unknown value
R13=0x000000001f7a6f5a is an unknown value
R14=0x000000001dadb7b8 is an unknown value
R15=0x000000001f7a6f46 is an unknown value


Stack: [0x00000000200e0000,0x00000000201e0000],  sp=0x00000000201de420,  free space=1017k
Native frames: (J=compiled Java code, j=interpreted, Vv=VM code, C=native code)
C  [KERNELBASE.dll+0x71f28]

Java frames: (J=compiled Java code, j=interpreted, Vv=VM code)
j  com.rsi.idldt.core.ips.IPS_Access.IPS_Start([Ljava/lang/String;)V+0
j  com.rsi.idldt.core.ips.IPS_Manager$2.run()V+15
j  java.lang.Thread.run()V+11
v  ~StubRoutines::call_stub

---------------  P R O C E S S  ---------------

Java Threads: ( => current thread )
  0x000000001fb5d000 JavaThread "Worker-43" [_thread_blocked, id=4212, stack(0x0000000026d60000,0x0000000026e60000)]
  0x000000001fb58800 JavaThread "Worker-42" [_thread_blocked, id=5796, stack(0x0000000026c60000,0x0000000026d60000)]
  0x000000001fb5d800 JavaThread "Worker-41" [_thread_blocked, id=3408, stack(0x0000000026b60000,0x0000000026c60000)]
  0x000000001fb61800 JavaThread "Worker-40" [_thread_blocked, id=2948, stack(0x000000005d740000,0x000000005d840000)]
  0x000000001fb5b800 JavaThread "Worker-38" [_thread_blocked, id=5548, stack(0x0000000028860000,0x0000000028960000)]
  0x000000001fb5f000 JavaThread "[ThreadPool Manager] - Idle Thread" daemon [_thread_blocked, id=4852, stack(0x0000000025f60000,0x0000000026060000)]
  0x000000001fb5c000 JavaThread "Timer-2" daemon [_thread_blocked, id=4108, stack(0x0000000025b60000,0x0000000025c60000)]
  0x000000001fb5e800 JavaThread "Timer-1" daemon [_thread_blocked, id=5400, stack(0x0000000025860000,0x0000000025960000)]
  0x000000001fb5a000 JavaThread "Thread-10" [_thread_in_native, id=6464, stack(0x0000000025760000,0x0000000025860000)]
  0x000000001eeac800 JavaThread "IDLDT DOM Worker-3" [_thread_blocked, id=7356, stack(0x0000000024690000,0x0000000024790000)]
  0x000000001eea9800 JavaThread "IDLDT DOM Worker-2" [_thread_blocked, id=6340, stack(0x0000000024590000,0x0000000024690000)]
  0x000000001eea9000 JavaThread "IDLDT DOM Worker-1" [_thread_blocked, id=6032, stack(0x0000000024490000,0x0000000024590000)]
  0x000000001eeac000 JavaThread "IDLDT DOM Worker-0" [_thread_blocked, id=5116, stack(0x0000000024390000,0x0000000024490000)]
  0x000000001eea7800 JavaThread "Timer-0" daemon [_thread_blocked, id=5128, stack(0x0000000024290000,0x0000000024390000)]
=>0x000000001dbe1000 JavaThread "IDL" [_thread_in_native, id=3888, stack(0x00000000200e0000,0x00000000201e0000)]
  0x000000001d96c800 JavaThread "IDLToJava Broker" daemon [_thread_blocked, id=7184, stack(0x000000001ffe0000,0x00000000200e0000)]
  0x000000001d98c800 JavaThread "Provisioning Event Dispatcher" daemon [_thread_blocked, id=1888, stack(0x000000001ec60000,0x000000001ed60000)]
  0x000000001dae1000 JavaThread "Bundle File Closer" daemon [_thread_blocked, id=4692, stack(0x000000001ea60000,0x000000001eb60000)]
  0x000000001d950000 JavaThread "Worker-JM" [_thread_blocked, id=4352, stack(0x000000001e960000,0x000000001ea60000)]
  0x000000001d900800 JavaThread "[Timer] - Main Queue Handler" daemon [_thread_blocked, id=872, stack(0x000000001e860000,0x000000001e960000)]
  0x000000001d930800 JavaThread "Framework Event Dispatcher" daemon [_thread_blocked, id=4288, stack(0x000000001e570000,0x000000001e670000)]
  0x000000001d5bd000 JavaThread "Start Level Event Dispatcher" daemon [_thread_blocked, id=6704, stack(0x000000001e3d0000,0x000000001e4d0000)]
  0x000000001d66e000 JavaThread "State Data Manager" daemon [_thread_blocked, id=4892, stack(0x000000001e2d0000,0x000000001e3d0000)]
  0x000000001d4d2800 JavaThread "Framework Active Thread" [_thread_blocked, id=3804, stack(0x000000001e0d0000,0x000000001e1d0000)]
  0x000000001b8dd800 JavaThread "Service Thread" daemon [_thread_blocked, id=5044, stack(0x000000001d070000,0x000000001d170000)]
  0x000000001b8da800 JavaThread "C2 CompilerThread1" daemon [_thread_blocked, id=6612, stack(0x000000001cf70000,0x000000001d070000)]
  0x000000001b8d9000 JavaThread "C2 CompilerThread0" daemon [_thread_blocked, id=5928, stack(0x000000001ce70000,0x000000001cf70000)]
  0x000000001b8d8000 JavaThread "Attach Listener" daemon [_thread_blocked, id=6696, stack(0x000000001cd70000,0x000000001ce70000)]
  0x000000001b8d5000 JavaThread "Signal Dispatcher" daemon [_thread_blocked, id=3620, stack(0x000000001cc70000,0x000000001cd70000)]
  0x000000001b85a800 JavaThread "Finalizer" daemon [_thread_blocked, id=8156, stack(0x000000001cb70000,0x000000001cc70000)]
  0x000000001b851800 JavaThread "Reference Handler" daemon [_thread_blocked, id=6388, stack(0x000000001ca70000,0x000000001cb70000)]
  0x0000000002420800 JavaThread "main" [_thread_in_native, id=148, stack(0x0000000000050000,0x0000000000150000)]

Other Threads:
  0x000000001b84a800 VMThread [stack: 0x000000001c970000,0x000000001ca70000] [id=4624]
  0x000000001b902000 WatcherThread [stack: 0x000000001d170000,0x000000001d270000] [id=7944]

VM state:not at safepoint (normal execution)

VM Mutex/Monitor currently owned by a thread: None

Heap
 PSYoungGen      total 1051584K, used 205805K [0x0000000755b60000, 0x0000000796380000, 0x0000000800000000)
  eden space 1046528K, 19% used [0x0000000755b60000,0x000000076245b498,0x0000000795960000)
  from space 5056K, 0% used [0x0000000795e90000,0x0000000795e90000,0x0000000796380000)
  to   space 5184K, 0% used [0x0000000795960000,0x0000000795960000,0x0000000795e70000)
 ParOldGen       total 348736K, used 54027K [0x0000000601200000, 0x0000000616690000, 0x0000000755b60000)
  object space 348736K, 15% used [0x0000000601200000,0x00000006046c2e10,0x0000000616690000)
 PSPermGen       total 52864K, used 52657K [0x00000005fc000000, 0x00000005ff3a0000, 0x0000000601200000)
  object space 52864K, 99% used [0x00000005fc000000,0x00000005ff36c700,0x00000005ff3a0000)

Card table byte_map: [0x0000000005620000,0x0000000006650000] byte_map_base: 0x0000000002640000

Polling page: 0x0000000002050000

Code Cache  [0x0000000002620000, 0x0000000002d30000, 0x0000000005620000)
 total_blobs=2387 nmethods=1709 adapters=626 free_code_cache=42080Kb largest_free_block=42988544

Compilation events (10 events):
Event: 3469.589 Thread 0x000000001b8d9000 1850             org.eclipse.ui.internal.util.Util::equals (91 bytes)
Event: 3469.598 Thread 0x000000001b8d9000 nmethod 1850 0x0000000002cfd210 code [0x0000000002cfd360, 0x0000000002cfd718]
Event: 3516.888 Thread 0x000000001b8da800 1851   !         org.eclipse.swt.internal.image.GIFFileFormat::readPalette (108 bytes)
Event: 3516.899 Thread 0x000000001b8da800 nmethod 1851 0x0000000002d0dc90 code [0x0000000002d0de40, 0x0000000002d0e488]
Event: 3516.920 Thread 0x000000001b8d9000   64 %           com.rsi.idldt.core.internal.dom.DOMNode::getAncestor @ 5 (30 bytes)
Event: 3516.921 Thread 0x000000001b8d9000 nmethod 64% 0x0000000002b42710 code [0x0000000002b42860, 0x0000000002b42978]
Event: 3549.703 Thread 0x000000001b8da800 1852             com.rsi.idldt.core.internal.dom.DOMNode::getAncestor (30 bytes)
Event: 3549.705 Thread 0x000000001b8da800 nmethod 1852 0x0000000002ccbcd0 code [0x0000000002ccbe20, 0x0000000002ccbf18]
Event: 3592.398 Thread 0x000000001b8d9000 1853             org.eclipse.ui.texteditor.AbstractTextEditor::updateContentDependentActions (43 bytes)
Event: 3592.406 Thread 0x000000001b8d9000 nmethod 1853 0x0000000002b34c50 code [0x0000000002b34dc0, 0x0000000002b35028]

GC Heap History (10 events):
Event: 3412.627 GC heap before
{Heap before GC invocations=112 (full 52):
 PSYoungGen      total 1051840K, used 346K [0x0000000755b60000, 0x0000000796400000, 0x0000000800000000)
  eden space 1046528K, 0% used [0x0000000755b60000,0x0000000755b60000,0x0000000795960000)
  from space 5312K, 6% used [0x0000000795ed0000,0x0000000795f26aa8,0x0000000796400000)
  to   space 5440K, 0% used [0x0000000795960000,0x0000000795960000,0x0000000795eb0000)
 ParOldGen       total 348736K, used 53866K [0x0000000601200000, 0x0000000616690000, 0x0000000755b60000)
  object space 348736K, 15% used [0x0000000601200000,0x000000060469aa10,0x0000000616690000)
 PSPermGen       total 52736K, used 52421K [0x00000005fc000000, 0x00000005ff380000, 0x0000000601200000)
  object space 52736K, 99% used [0x00000005fc000000,0x00000005ff3316c0,0x00000005ff380000)
Event: 3412.738 GC heap after
Heap after GC invocations=112 (full 52):
 PSYoungGen      total 1051840K, used 0K [0x0000000755b60000, 0x0000000796400000, 0x0000000800000000)
  eden space 1046528K, 0% used [0x0000000755b60000,0x0000000755b60000,0x0000000795960000)
  from space 5312K, 0% used [0x0000000795ed0000,0x0000000795ed0000,0x0000000796400000)
  to   space 5440K, 0% used [0x0000000795960000,0x0000000795960000,0x0000000795eb0000)
 ParOldGen       total 348736K, used 53878K [0x0000000601200000, 0x0000000616690000, 0x0000000755b60000)
  object space 348736K, 15% used [0x0000000601200000,0x000000060469daf0,0x0000000616690000)
 PSPermGen       total 52736K, used 52421K [0x00000005fc000000, 0x00000005ff380000, 0x0000000601200000)
  object space 52736K, 99% used [0x00000005fc000000,0x00000005ff3315a0,0x00000005ff380000)
}
Event: 3475.874 GC heap before
{Heap before GC invocations=113 (full 52):
 PSYoungGen      total 1051840K, used 266458K [0x0000000755b60000, 0x0000000796400000, 0x0000000800000000)
  eden space 1046528K, 25% used [0x0000000755b60000,0x0000000765f96ac0,0x0000000795960000)
  from space 5312K, 0% used [0x0000000795ed0000,0x0000000795ed0000,0x0000000796400000)
  to   space 5440K, 0% used [0x0000000795960000,0x0000000795960000,0x0000000795eb0000)
 ParOldGen       total 348736K, used 53878K [0x0000000601200000, 0x0000000616690000, 0x0000000755b60000)
  object space 348736K, 15% used [0x0000000601200000,0x000000060469daf0,0x0000000616690000)
 PSPermGen       total 52736K, used 52495K [0x00000005fc000000, 0x00000005ff380000, 0x0000000601200000)
  object space 52736K, 99% used [0x00000005fc000000,0x00000005ff343d78,0x00000005ff380000)
Event: 3475.877 GC heap after
Heap after GC invocations=113 (full 52):
 PSYoungGen      total 1048896K, used 2354K [0x0000000755b60000, 0x00000007963c0000, 0x0000000800000000)
  eden space 1046528K, 0% used [0x0000000755b60000,0x0000000755b60000,0x0000000795960000)
  from space 2368K, 99% used [0x0000000795960000,0x0000000795bacb08,0x0000000795bb0000)
  to   space 5312K, 0% used [0x0000000795e90000,0x0000000795e90000,0x00000007963c0000)
 ParOldGen       total 348736K, used 53878K [0x0000000601200000, 0x0000000616690000, 0x0000000755b60000)
  object space 348736K, 15% used [0x0000000601200000,0x000000060469daf0,0x0000000616690000)
 PSPermGen       total 52736K, used 52495K [0x00000005fc000000, 0x00000005ff380000, 0x0000000601200000)
  object space 52736K, 99% used [0x00000005fc000000,0x00000005ff343d78,0x00000005ff380000)
}
Event: 3475.877 GC heap before
{Heap before GC invocations=114 (full 53):
 PSYoungGen      total 1048896K, used 2354K [0x0000000755b60000, 0x00000007963c0000, 0x0000000800000000)
  eden space 1046528K, 0% used [0x0000000755b60000,0x0000000755b60000,0x0000000795960000)
  from space 2368K, 99% used [0x0000000795960000,0x0000000795bacb08,0x0000000795bb0000)
  to   space 5312K, 0% used [0x0000000795e90000,0x0000000795e90000,0x00000007963c0000)
 ParOldGen       total 348736K, used 53878K [0x0000000601200000, 0x0000000616690000, 0x0000000755b60000)
  object space 348736K, 15% used [0x0000000601200000,0x000000060469daf0,0x0000000616690000)
 PSPermGen       total 52736K, used 52495K [0x00000005fc000000, 0x00000005ff380000, 0x0000000601200000)
  object space 52736K, 99% used [0x00000005fc000000,0x00000005ff343d78,0x00000005ff380000)
Event: 3475.968 GC heap after
Heap after GC invocations=114 (full 53):
 PSYoungGen      total 1048896K, used 0K [0x0000000755b60000, 0x00000007963c0000, 0x0000000800000000)
  eden space 1046528K, 0% used [0x0000000755b60000,0x0000000755b60000,0x0000000795960000)
  from space 2368K, 0% used [0x0000000795960000,0x0000000795960000,0x0000000795bb0000)
  to   space 5312K, 0% used [0x0000000795e90000,0x0000000795e90000,0x00000007963c0000)
 ParOldGen       total 348736K, used 53898K [0x0000000601200000, 0x0000000616690000, 0x0000000755b60000)
  object space 348736K, 15% used [0x0000000601200000,0x00000006046a2a80,0x0000000616690000)
 PSPermGen       total 52864K, used 52494K [0x00000005fc000000, 0x00000005ff3a0000, 0x0000000601200000)
  object space 52864K, 99% used [0x00000005fc000000,0x00000005ff343918,0x00000005ff3a0000)
}
Event: 3536.268 GC heap before
{Heap before GC invocations=115 (full 53):
 PSYoungGen      total 1048896K, used 38735K [0x0000000755b60000, 0x00000007963c0000, 0x0000000800000000)
  eden space 1046528K, 3% used [0x0000000755b60000,0x0000000758133fc0,0x0000000795960000)
  from space 2368K, 0% used [0x0000000795960000,0x0000000795960000,0x0000000795bb0000)
  to   space 5312K, 0% used [0x0000000795e90000,0x0000000795e90000,0x00000007963c0000)
 ParOldGen       total 348736K, used 53898K [0x0000000601200000, 0x0000000616690000, 0x0000000755b60000)
  object space 348736K, 15% used [0x0000000601200000,0x00000006046a2a80,0x0000000616690000)
 PSPermGen       total 52864K, used 52652K [0x00000005fc000000, 0x00000005ff3a0000, 0x0000000601200000)
  object space 52864K, 99% used [0x00000005fc000000,0x00000005ff36b000,0x00000005ff3a0000)
Event: 3536.274 GC heap after
Heap after GC invocations=115 (full 53):
 PSYoungGen      total 1051584K, used 413K [0x0000000755b60000, 0x0000000796380000, 0x0000000800000000)
  eden space 1046528K, 0% used [0x0000000755b60000,0x0000000755b60000,0x0000000795960000)
  from space 5056K, 8% used [0x0000000795e90000,0x0000000795ef75c0,0x0000000796380000)
  to   space 5184K, 0% used [0x0000000795960000,0x0000000795960000,0x0000000795e70000)
 ParOldGen       total 348736K, used 53898K [0x0000000601200000, 0x0000000616690000, 0x0000000755b60000)
  object space 348736K, 15% used [0x0000000601200000,0x00000006046a2a80,0x0000000616690000)
 PSPermGen       total 52864K, used 52652K [0x00000005fc000000, 0x00000005ff3a0000, 0x0000000601200000)
  object space 52864K, 99% used [0x00000005fc000000,0x00000005ff36b000,0x00000005ff3a0000)
}
Event: 3536.274 GC heap before
{Heap before GC invocations=116 (full 54):
 PSYoungGen      total 1051584K, used 413K [0x0000000755b60000, 0x0000000796380000, 0x0000000800000000)
  eden space 1046528K, 0% used [0x0000000755b60000,0x0000000755b60000,0x0000000795960000)
  from space 5056K, 8% used [0x0000000795e90000,0x0000000795ef75c0,0x0000000796380000)
  to   space 5184K, 0% used [0x0000000795960000,0x0000000795960000,0x0000000795e70000)
 ParOldGen       total 348736K, used 53898K [0x0000000601200000, 0x0000000616690000, 0x0000000755b60000)
  object space 348736K, 15% used [0x0000000601200000,0x00000006046a2a80,0x0000000616690000)
 PSPermGen       total 52864K, used 52652K [0x00000005fc000000, 0x00000005ff3a0000, 0x0000000601200000)
  object space 52864K, 99% used [0x00000005fc000000,0x00000005ff36b000,0x00000005ff3a0000)
Event: 3536.382 GC heap after
Heap after GC invocations=116 (full 54):
 PSYoungGen      total 1051584K, used 0K [0x0000000755b60000, 0x0000000796380000, 0x0000000800000000)
  eden space 1046528K, 0% used [0x0000000755b60000,0x0000000755b60000,0x0000000795960000)
  from space 5056K, 0% used [0x0000000795e90000,0x0000000795e90000,0x0000000796380000)
  to   space 5184K, 0% used [0x0000000795960000,0x0000000795960000,0x0000000795e70000)
 ParOldGen       total 348736K, used 54027K [0x0000000601200000, 0x0000000616690000, 0x0000000755b60000)
  object space 348736K, 15% used [0x0000000601200000,0x00000006046c2e10,0x0000000616690000)
 PSPermGen       total 52864K, used 52651K [0x00000005fc000000, 0x00000005ff3a0000, 0x0000000601200000)
  object space 52864K, 99% used [0x00000005fc000000,0x00000005ff36aef8,0x00000005ff3a0000)
}

Deoptimization events (10 events):
Event: 3176.612 Thread 0x0000000002420800 Uncommon trap -34 fr.pc 0x0000000002cf37f8
Event: 3468.349 Thread 0x0000000002420800 Uncommon trap -58 fr.pc 0x0000000002a901f0
Event: 3516.845 Thread 0x0000000002420800 Uncommon trap -58 fr.pc 0x000000000286bf68
Event: 3516.919 Thread 0x0000000002420800 Uncommon trap -58 fr.pc 0x00000000029d11b0
Event: 3516.919 Thread 0x0000000002420800 Uncommon trap -58 fr.pc 0x00000000029d11b0
Event: 3516.919 Thread 0x0000000002420800 Uncommon trap -58 fr.pc 0x00000000029d11b0
Event: 3516.919 Thread 0x0000000002420800 Uncommon trap -58 fr.pc 0x00000000029d11b0
Event: 3516.919 Thread 0x0000000002420800 Uncommon trap -58 fr.pc 0x00000000029d046c
Event: 3516.939 Thread 0x0000000002420800 Uncommon trap -83 fr.pc 0x0000000002a88888
Event: 3516.939 Thread 0x0000000002420800 Uncommon trap -83 fr.pc 0x00000000026b8204

Internal exceptions (10 events):
Event: 62.784 Thread 0x000000001fb5d800 Implicit null exception at 0x00000000029a2c50 to 0x00000000029a2f39
Event: 294.795 Thread 0x0000000002420800 Implicit null exception at 0x0000000002877e70 to 0x0000000002877edd
Event: 294.798 Thread 0x0000000002420800 Implicit null exception at 0x00000000029977da to 0x00000000029979c9
Event: 295.738 Thread 0x0000000002420800 Implicit null exception at 0x0000000002a82097 to 0x0000000002a82b39
Event: 312.472 Thread 0x0000000002420800 Implicit null exception at 0x0000000002a7f660 to 0x0000000002a802e1
Event: 579.573 Thread 0x0000000002420800 Implicit null exception at 0x0000000002b0b89f to 0x0000000002b0f59d
Event: 712.802 Thread 0x000000001fb64800 Threw 0x000000076ecc36b0 at C:\jdk7u2_64p\jdk7u25\hotspot\src\share\vm\runtime\objectMonitor.cpp:1612
Event: 927.630 Thread 0x0000000002420800 Implicit null exception at 0x0000000002bb8387 to 0x0000000002bb9815
Event: 3516.939 Thread 0x0000000002420800 Implicit null exception at 0x0000000002a885a6 to 0x0000000002a88851
Event: 3516.939 Thread 0x0000000002420800 Implicit null exception at 0x00000000026b81c9 to 0x00000000026b81f1

Events (10 events):
Event: 3607.093 Executing VM operation: RevokeBias
Event: 3607.093 Executing VM operation: RevokeBias done
Event: 3607.094 Executing VM operation: RevokeBias
Event: 3607.094 Executing VM operation: RevokeBias done
Event: 3608.056 Thread 0x000000001fb5a800 Thread added: 0x000000001fb5a800
Event: 3608.057 Executing VM operation: RevokeBias
Event: 3608.057 Executing VM operation: RevokeBias done
Event: 3608.057 Thread 0x000000001fb5a800 Thread exited: 0x000000001fb5a800
Event: 3608.265 Executing VM operation: RevokeBias
Event: 3608.265 Executing VM operation: RevokeBias done


Dynamic libraries:
0x0000000000400000 - 0x000000000040e000 	C:\Program Files\Exelis\IDL85\bin\bin.x86_64\idlde.exe
0x00007ff9f4670000 - 0x00007ff9f4831000 	C:\Windows\SYSTEM32\ntdll.dll
0x00007ff9f1f10000 - 0x00007ff9f1fbd000 	C:\Windows\system32\KERNEL32.DLL
0x00007ff9f15b0000 - 0x00007ff9f1798000 	C:\Windows\system32\KERNELBASE.dll
0x00007ff9f1db0000 - 0x00007ff9f1f06000 	C:\Windows\system32\USER32.dll
0x00007ff9f1ae0000 - 0x00007ff9f1c66000 	C:\Windows\system32\GDI32.dll
0x00007ff9f1cb0000 - 0x00007ff9f1d4d000 	C:\Windows\system32\msvcrt.dll
0x00007ff9ec960000 - 0x00007ff9ecbd4000 	C:\Windows\WinSxS\amd64_microsoft.windows.common-controls_6595b64144ccf1df_6.0.10586.0_none_8c15ae12515e1c22\COMCTL32.dll
0x00007ff9f3a20000 - 0x00007ff9f3c9d000 	C:\Windows\system32\combase.dll
0x00007ff9f4230000 - 0x00007ff9f434c000 	C:\Windows\system32\RPCRT4.dll
0x00007ff9f13d0000 - 0x00007ff9f143a000 	C:\Windows\system32\bcryptPrimitives.dll
0x00007ff9f1c70000 - 0x00007ff9f1cab000 	C:\Windows\system32\IMM32.DLL
0x0000000072000000 - 0x0000000072012000 	C:\Program Files\Exelis\IDL85\bin\bin.x86_64\plugins\org.eclipse.equinox.launcher.win32.win32.x86_64_1.1.100.v20110502\eclipse_1406.dll
0x00007ff9f4180000 - 0x00007ff9f4227000 	C:\Windows\system32\ADVAPI32.dll
0x00007ff9f1d50000 - 0x00007ff9f1dab000 	C:\Windows\system32\sechost.dll
0x00007ff9ecc80000 - 0x00007ff9ecc8a000 	C:\Windows\SYSTEM32\VERSION.dll
0x000000006a8f0000 - 0x000000006afff000 	C:\Program Files\Exelis\IDL85\bin\bin.x86_64\jre\bin\server\jvm.dll
0x00007ff9f3de0000 - 0x00007ff9f3de8000 	C:\Windows\system32\PSAPI.DLL
0x00007ff9e3de0000 - 0x00007ff9e3de9000 	C:\Windows\SYSTEM32\WSOCK32.dll
0x00007ff9eefd0000 - 0x00007ff9eeff3000 	C:\Windows\SYSTEM32\WINMM.dll
0x000000006a810000 - 0x000000006a8e2000 	C:\Windows\SYSTEM32\MSVCR100.dll
0x0000000002020000 - 0x000000000204c000 	C:\Windows\SYSTEM32\WINMMBASE.dll
0x00007ff9f3ca0000 - 0x00007ff9f3d0b000 	C:\Windows\system32\WS2_32.dll
0x00007ff9f1a20000 - 0x00007ff9f1a63000 	C:\Windows\system32\cfgmgr32.dll
0x000000006a800000 - 0x000000006a80f000 	C:\Program Files\Exelis\IDL85\bin\bin.x86_64\jre\bin\verify.dll
0x000000006a7d0000 - 0x000000006a7f8000 	C:\Program Files\Exelis\IDL85\bin\bin.x86_64\jre\bin\java.dll
0x000000006a7b0000 - 0x000000006a7c5000 	C:\Program Files\Exelis\IDL85\bin\bin.x86_64\jre\bin\zip.dll
0x00007ff9f0670000 - 0x00007ff9f0687000 	C:\Windows\SYSTEM32\CRYPTSP.dll
0x00007ff9f02a0000 - 0x00007ff9f02d4000 	C:\Windows\system32\rsaenh.dll
0x00007ff9f0bc0000 - 0x00007ff9f0be9000 	C:\Windows\SYSTEM32\bcrypt.dll
0x00007ff9f03f0000 - 0x00007ff9f040f000 	C:\Windows\SYSTEM32\USERENV.dll
0x00007ff9f0c90000 - 0x00007ff9f0ca4000 	C:\Windows\system32\profapi.dll
0x00007ff9f0790000 - 0x00007ff9f079b000 	C:\Windows\SYSTEM32\CRYPTBASE.dll
0x000000006a790000 - 0x000000006a7a9000 	C:\Program Files\Exelis\IDL85\bin\bin.x86_64\jre\bin\net.dll
0x00007ff9f05b0000 - 0x00007ff9f060c000 	C:\Windows\system32\mswsock.dll
0x00007ff9e39e0000 - 0x00007ff9e39f6000 	C:\Windows\system32\napinsp.dll
0x00007ff9e39c0000 - 0x00007ff9e39da000 	C:\Windows\system32\pnrpnsp.dll
0x00007ff9eebf0000 - 0x00007ff9eec08000 	C:\Windows\system32\NLAapi.dll
0x00007ff9ef6b0000 - 0x00007ff9ef75a000 	C:\Windows\SYSTEM32\DNSAPI.dll
0x00007ff9f1a70000 - 0x00007ff9f1a78000 	C:\Windows\system32\NSI.dll
0x00007ff9e3a00000 - 0x00007ff9e3a0d000 	C:\Windows\System32\winrnr.dll
0x00007ff9e8eb0000 - 0x00007ff9e8eba000 	C:\Windows\System32\rasadhlp.dll
0x00007ff9ed630000 - 0x00007ff9ed668000 	C:\Windows\SYSTEM32\IPHLPAPI.DLL
0x00007ff9eaaa0000 - 0x00007ff9eab07000 	C:\Windows\System32\fwpuclnt.dll
0x000000006a770000 - 0x000000006a781000 	C:\Program Files\Exelis\IDL85\bin\bin.x86_64\jre\bin\nio.dll
0x00007ff9ef610000 - 0x00007ff9ef6a6000 	C:\Windows\system32\uxtheme.dll
0x00007ff9f4510000 - 0x00007ff9f466a000 	C:\Windows\system32\MSCTF.dll
0x00007ff9f0d10000 - 0x00007ff9f0d1f000 	C:\Windows\system32\kernel.appcore.dll
0x00007ff9f4010000 - 0x00007ff9f4153000 	C:\Windows\system32\ole32.dll
0x00007ff9f4460000 - 0x00007ff9f4507000 	C:\Windows\system32\clbcatq.dll
0x00007ff9e53c0000 - 0x00007ff9e55ff000 	C:\Windows\System32\IME\IMEJP\imjptip.dll
0x00007ff9f3d10000 - 0x00007ff9f3dd1000 	C:\Windows\system32\OLEAUT32.dll
0x00007ff9f2020000 - 0x00007ff9f357c000 	C:\Windows\system32\SHELL32.dll
0x00007ff9f0d80000 - 0x00007ff9f13c4000 	C:\Windows\system32\windows.storage.dll
0x00007ff9f3580000 - 0x00007ff9f35d2000 	C:\Windows\system32\shlwapi.dll
0x00007ff9f14f0000 - 0x00007ff9f15a5000 	C:\Windows\system32\shcore.dll
0x00007ff9f0cb0000 - 0x00007ff9f0cfb000 	C:\Windows\system32\powrprof.dll
0x00007ff9ec810000 - 0x00007ff9ec87a000 	C:\Windows\SYSTEM32\OLEACC.dll
0x00007ff9ee430000 - 0x00007ff9ee5b6000 	C:\Windows\SYSTEM32\PROPSYS.dll
0x00007ff9f0180000 - 0x00007ff9f01b1000 	C:\Windows\SYSTEM32\ntmarta.dll
0x00007ff9e5150000 - 0x00007ff9e5368000 	C:\Windows\System32\IME\IMEJP\imjpapi.dll
0x00007ff9e5110000 - 0x00007ff9e5149000 	C:\Windows\System32\IME\shared\imjkapi.dll
0x00007ff9e4e90000 - 0x00007ff9e4f5c000 	C:\Windows\System32\IME\IMEJP\imjppred.dll
0x00007ff9e90e0000 - 0x00007ff9e9135000 	C:\Windows\SYSTEM32\policymanager.dll
0x00007ff9e9040000 - 0x00007ff9e90d2000 	C:\Windows\SYSTEM32\msvcp110_win.dll
0x00007ff9e4680000 - 0x00007ff9e47da000 	C:\Windows\System32\IME\shared\imetip.dll
0x00007ff9e3a90000 - 0x00007ff9e3c43000 	C:\Windows\SYSTEM32\DUI70.dll
0x00007ff9eea60000 - 0x00007ff9eea82000 	C:\Windows\system32\dwmapi.dll
0x00007ff9e5050000 - 0x00007ff9e5074000 	C:\Windows\System32\IME\shared\imecfm.dll
0x00007ff9e7220000 - 0x00007ff9e72c0000 	C:\Windows\SYSTEM32\wer.dll
0x00007ff9e5030000 - 0x00007ff9e504f000 	C:\Windows\System32\IME\SHARED\imesearchdll.dll
0x000000001e670000 - 0x000000001e717000 	C:\Users\sartorius\.idl\idlworkbench-config-idl8.5_x86_64\org.eclipse.osgi\bundles\532\1\.cp\swt-win32-3740.dll
0x00007ff9f4350000 - 0x00007ff9f445b000 	C:\Windows\system32\comdlg32.dll
0x00007ff9f1440000 - 0x00007ff9f14c6000 	C:\Windows\system32\FirewallAPI.dll
0x00007ff9f14d0000 - 0x00007ff9f14e7000 	C:\Windows\system32\NETAPI32.dll
0x00007ff9f17a0000 - 0x00007ff9f1968000 	C:\Windows\system32\CRYPT32.dll
0x00007ff9f0d00000 - 0x00007ff9f0d10000 	C:\Windows\system32\MSASN1.dll
0x00007ff9ea9b0000 - 0x00007ff9eaa34000 	C:\Windows\SYSTEM32\WINSPOOL.DRV
0x00007ff9e9ca0000 - 0x00007ff9e9cb8000 	C:\Windows\SYSTEM32\USP10.dll
0x00007ff9de140000 - 0x00007ff9de3e9000 	C:\Windows\SYSTEM32\WININET.dll
0x00007ff9ef430000 - 0x00007ff9ef43c000 	C:\Windows\SYSTEM32\DAVHLPR.DLL
0x00007ff9efa10000 - 0x00007ff9efa42000 	C:\Windows\SYSTEM32\fwbase.dll
0x000000001e790000 - 0x000000001e7ae000 	C:\Users\sartorius\.idl\idlworkbench-config-idl8.5_x86_64\org.eclipse.osgi\bundles\532\1\.cp\swt-gdip-win32-3740.dll
0x00007ff9ead10000 - 0x00007ff9eaeb8000 	C:\Windows\WinSxS\amd64_microsoft.windows.gdiplus_6595b64144ccf1df_1.1.10586.20_none_db007f1392e69ef4\gdiplus.dll
0x00007ff9ed350000 - 0x00007ff9ed501000 	C:\Windows\SYSTEM32\WindowsCodecs.dll
0x0000000180000000 - 0x0000000180011000 	C:\Users\sartorius\.idl\idlworkbench-config-idl8.5_x86_64\org.eclipse.osgi\bundles\184\1\.cp\os\win32\x86_64\localfile_1_0_0.dll
0x00007ff9e45d0000 - 0x00007ff9e461d000 	C:\Program Files\Exelis\IDL85\bin\bin.x86_64\idl_ips.dll
0x00007ff9d0af0000 - 0x00007ff9d18bd000 	C:\Program Files\Exelis\IDL85\bin\bin.x86_64\idl.dll
0x00007ff9db8e0000 - 0x00007ff9db903000 	C:\Program Files\Exelis\IDL85\bin\bin.x86_64\UG3220.dll
0x00007ff9daab0000 - 0x00007ff9dab0c000 	C:\Program Files\Exelis\IDL85\bin\bin.x86_64\MesaGLU6_2.dll
0x00007ff9d29f0000 - 0x00007ff9d2b7e000 	C:\Program Files\Exelis\IDL85\bin\bin.x86_64\MesaGL6_2.dll
0x00007ff9ecf20000 - 0x00007ff9ecf2c000 	C:\Program Files\Exelis\IDL85\bin\bin.x86_64\osmesa6_2.dll
0x00007ff9da500000 - 0x00007ff9da57c000 	C:\Program Files\Exelis\IDL85\bin\bin.x86_64\freetype2_4_7.dll
0x00007ff9ef440000 - 0x00007ff9ef447000 	C:\Windows\SYSTEM32\MSIMG32.dll
0x00007ff9f0970000 - 0x00007ff9f099d000 	C:\Windows\SYSTEM32\SspiCli.dll
0x00007ff9d36c0000 - 0x00007ff9d39f6000 	C:\Windows\System32\DriverStore\FileRepository\prnms003.inf_amd64_f61b6abfade1466b\Amd64\PrintConfig.dll
0x00007ff9e0820000 - 0x00007ff9e084b000 	C:\Windows\SYSTEM32\prntvpt.dll
0x00007ff9d3ba0000 - 0x00007ff9d3c83000 	C:\Windows\System32\DriverStore\FileRepository\ntprint.inf_amd64_f9853ae82ff0dda6\Amd64\mxdwdrv.dll
0x00007ff9e95e0000 - 0x00007ff9e9616000 	C:\Windows\SYSTEM32\XmlLite.dll
0x00007ff9cfdb0000 - 0x00007ff9cffab000 	C:\Windows\SYSTEM32\opcservices.dll
0x00007ff9e6630000 - 0x00007ff9e67e7000 	C:\Windows\SYSTEM32\urlmon.dll
0x00007ff9e6dd0000 - 0x00007ff9e7154000 	C:\Windows\SYSTEM32\iertutil.dll
0x00007ff9cfac0000 - 0x00007ff9cfdad000 	C:\Windows\SYSTEM32\xpsservices.dll
0x00007ff9d6290000 - 0x00007ff9d62b1000 	C:\Windows\system32\FontSub.dll
0x00007ff9e47e0000 - 0x00007ff9e4a5a000 	C:\Windows\System32\msxml6.dll
0x00007ff9d0520000 - 0x00007ff9d0649000 	C:\Windows\SYSTEM32\OpenGL32.DLL
0x00007ff9d28f0000 - 0x00007ff9d29ea000 	C:\Windows\SYSTEM32\DDRAW.dll
0x00007ff9d6260000 - 0x00007ff9d628e000 	C:\Windows\SYSTEM32\GLU32.dll
0x00007ff9e5620000 - 0x00007ff9e5628000 	C:\Windows\SYSTEM32\DCIMAN32.dll
0x00007ff9d6220000 - 0x00007ff9d625e000 	C:\Program Files\Exelis\IDL85\bin\bin.x86_64\gl_driver.dll
0x00007ff9ecc90000 - 0x00007ff9ecca6000 	C:\Windows\SYSTEM32\dhcpcsvc6.DLL
0x00007ff9ed310000 - 0x00007ff9ed32a000 	C:\Windows\SYSTEM32\dhcpcsvc.DLL
0x000000001fe10000 - 0x000000001fe13000 	C:\Windows\SYSTEM32\icmp.Dll
0x00007ff9df1a0000 - 0x00007ff9df640000 	C:\Windows\system32\explorerframe.dll
0x00007ff9e25c0000 - 0x00007ff9e2610000 	C:\Windows\system32\edputil.dll
0x00007ff9e3970000 - 0x00007ff9e39ba000 	C:\Windows\system32\dataexchange.dll
0x00007ff9ee670000 - 0x00007ff9ee918000 	C:\Windows\system32\d3d11.dll
0x00007ff9ef000000 - 0x00007ff9ef0e3000 	C:\Windows\system32\dcomp.dll
0x00007ff9ee5c0000 - 0x00007ff9ee662000 	C:\Windows\system32\dxgi.dll
0x00007ff9ef7b0000 - 0x00007ff9ef8b0000 	C:\Windows\system32\twinapi.appcore.dll
0x00007ff9e0300000 - 0x00007ff9e033e000 	C:\Windows\system32\mlang.dll
0x00007ff9e4da0000 - 0x00007ff9e4db1000 	C:\Users\sartorius\.idl\idlworkbench-config-idl8.5_x86_64\org.eclipse.osgi\bundles\209\1\.cp\jWinHttp-1.0.0.dll
0x00007ff9e9450000 - 0x00007ff9e9518000 	C:\Windows\SYSTEM32\WINHTTP.dll
0x00007ff9e2170000 - 0x00007ff9e21bd000 	C:\Windows\System32\thumbcache.dll
0x00007ff9ea3d0000 - 0x00007ff9ea3e9000 	C:\Windows\system32\samcli.dll
0x00007ff9eeb50000 - 0x00007ff9eeb6c000 	C:\Windows\system32\SAMLIB.dll
0x00007ff9ede40000 - 0x00007ff9ee2d3000 	C:\Windows\System32\ActXPrxy.dll
0x00007ff9f00a0000 - 0x00007ff9f00ac000 	C:\Windows\system32\netutils.dll

VM Arguments:
jvm_args: -Dosgi.instance.area.default=@user.home/IDLWorkspace85 -Dosgi.configuration.area=@user.home/.idl/idlworkbench-config-idl8.5_x86_64 -Dosgi.configuration.cascaded=true -Dosgi.checkConfiguration=true -Dosgi.sharedConfiguration.area.readOnly=true -Dorg.eclipse.update.reconcile=false -Declipse.p2.data.area=@config.dir/p2 -Dosgi.sharedConfiguration.area=C:\Program Files\Exelis\IDL85\bin\bin.x86_64/configuration 
java_command: <unknown>
Launcher Type: generic

Environment Variables:
PATH=C:/Program Files/Exelis/IDL85/bin/bin.x86_64/jre/bin/server;C:/Program Files/Exelis/IDL85/bin/bin.x86_64/jre/bin;C:/Program Files/Exelis/IDL85/bin/bin.x86_64/jre/lib/amd64;C:\Program Files\Exelis\IDL85\bin\bin.x86_64\;C:\Program Files (x86)\Intel\iCLS Client\;C:\Program Files\Intel\iCLS Client\;C:\Windows\system32;C:\Windows;C:\Windows\System32\Wbem;C:\Windows\System32\WindowsPowerShell\v1.0\;C:\Program Files (x86)\Intel\Intel(R) Management Engine Components\DAL;C:\Program Files\Intel\Intel(R) Management Engine Components\DAL;C:\Program Files (x86)\Intel\Intel(R) Management Engine Components\IPT;C:\Program Files\Intel\Intel(R) Management Engine Components\IPT;C:\Program Files (x86)\NVIDIA Corporation\PhysX\Common;C:\Program Files (x86)\Microsoft SQL Server\100\Tools\Binn\;C:\Program Files\Microsoft SQL Server\100\Tools\Binn\;C:\Program Files\Microsoft SQL Server\100\DTS\Binn\;C:\Program Files\Exelis\IDL85\bin\bin.x86_64;
USERNAME=sartorius
OS=Windows_NT
PROCESSOR_IDENTIFIER=Intel64 Family 6 Model 94 Stepping 3, GenuineIntel



---------------  S Y S T E M  ---------------

OS: Windows 8 , 64 bit Build 9200 

CPU:total 4 (4 cores per cpu, 1 threads per core) family 6 model 94 stepping 3, cmov, cx8, fxsr, mmx, sse, sse2, sse3, ssse3, sse4.1, sse4.2, popcnt, avx, avx2, tsc, tscinvbit

Memory: 4k page, physical 33472868k(11665392k free), swap 63933408k(4360k free)

vm_info: Java HotSpot(TM) 64-Bit Server VM (23.25-b01) for windows-amd64 JRE (1.7.0_25-b17), built on Jun 21 2013 12:58:32 by "java_re" with unknown MS VC++:1600

time: Tue Jul 12 10:34:27 2016
elapsed time: 3608 seconds

